MusicPlayer/app/build/outputs/logs/manifest-merger-debug-report.txt
-- Merging decision tree log ---
manifest
ADDED from src\main\AndroidManifest.xml:2:1-69:12
	package
		ADDED from src\main\AndroidManifest.xml:3:5-50
		INJECTED from src\main\AndroidManifest.xml
		INJECTED from src\main\AndroidManifest.xml
	android:versionName
		INJECTED from src\main\AndroidManifest.xml
		INJECTED from src\main\AndroidManifest.xml
	xmlns:android
		ADDED from src\main\AndroidManifest.xml:2:11-69
	android:versionCode
		INJECTED from src\main\AndroidManifest.xml
		INJECTED from src\main\AndroidManifest.xml
permission#android.permission.SYSTEM_ALERT_WINDOW
ADDED from src\main\AndroidManifest.xml:5:5-73
	android:name
		ADDED from src\main\AndroidManifest.xml:5:17-70
uses-permission#android.permission.INTERNET
ADDED from src\main\AndroidManifest.xml:7:5-67
	android:name
		ADDED from src\main\AndroidManifest.xml:7:22-64
uses-permission#android.permission.ACCESS_WIFI_STATE
ADDED from src\main\AndroidManifest.xml:8:5-76
	android:name
		ADDED from src\main\AndroidManifest.xml:8:22-73
uses-permission#android.permission.ACCESS_NETWORK_STATE
ADDED from src\main\AndroidManifest.xml:9:5-79
	android:name
		ADDED from src\main\AndroidManifest.xml:9:22-76
uses-permission#android.permission.READ_PHONE_STATE
ADDED from src\main\AndroidManifest.xml:11:5-75
	android:name
		ADDED from src\main\AndroidManifest.xml:11:22-72
uses-permission#android.permission_group.PHONE
ADDED from src\main\AndroidManifest.xml:12:5-70
	android:name
		ADDED from src\main\AndroidManifest.xml:12:22-67
uses-permission#android.permission.WRITE_EXTERNAL_STORAGE
ADDED from src\main\AndroidManifest.xml:21:5-81
	android:name
		ADDED from src\main\AndroidManifest.xml:21:22-78
uses-permission#android.permission.READ_EXTERNAL_STORAGE
ADDED from src\main\AndroidManifest.xml:22:5-80
	android:name
		ADDED from src\main\AndroidManifest.xml:22:22-77
uses-permission#android.permission.RECORD_AUDIO
ADDED from src\main\AndroidManifest.xml:23:5-71
	android:name
		ADDED from src\main\AndroidManifest.xml:23:22-68
uses-permission#android.permission.MODIFY_AUDIO_SETTINGS
ADDED from src\main\AndroidManifest.xml:24:5-80
	android:name
		ADDED from src\main\AndroidManifest.xml:24:22-77
uses-permission#android.permission.CHANGE_WIFI_STATE
ADDED from src\main\AndroidManifest.xml:25:5-76
	android:name
		ADDED from src\main\AndroidManifest.xml:25:22-73
uses-permission#android.permission.READ_LOGS
ADDED from src\main\AndroidManifest.xml:26:5-68
	android:name
		ADDED from src\main\AndroidManifest.xml:26:22-65
uses-permission#android.permission.WAKE_LOCK
ADDED from src\main\AndroidManifest.xml:27:5-68
	android:name
		ADDED from src\main\AndroidManifest.xml:27:22-65
uses-permission#android.permission.GET_TASKS
ADDED from src\main\AndroidManifest.xml:29:5-68
	android:name
		ADDED from src\main\AndroidManifest.xml:29:22-65
uses-permission#android.permission.SET_DEBUG_APP
ADDED from src\main\AndroidManifest.xml:30:5-72
	android:name
		ADDED from src\main\AndroidManifest.xml:30:22-69
uses-permission#android.permission.SYSTEM_ALERT_WINDOW
ADDED from src\main\AndroidManifest.xml:31:5-78
	android:name
		ADDED from src\main\AndroidManifest.xml:31:22-75
uses-permission#android.permission.GET_ACCOUNTS
ADDED from src\main\AndroidManifest.xml:32:5-71
	android:name
		ADDED from src\main\AndroidManifest.xml:32:22-68
uses-permission#android.permission.USE_CREDENTIALS
ADDED from src\main\AndroidManifest.xml:33:5-74
	android:name
		ADDED from src\main\AndroidManifest.xml:33:22-71
uses-permission#android.permission.MANAGE_ACCOUNTS
ADDED from src\main\AndroidManifest.xml:34:5-74
	android:name
		ADDED from src\main\AndroidManifest.xml:34:22-71
uses-permission#android.permission_group.SMS
ADDED from src\main\AndroidManifest.xml:36:5-67
	android:name
		ADDED from src\main\AndroidManifest.xml:36:22-65
application
ADDED from src\main\AndroidManifest.xml:39:5-67:19
MERGED from [com.android.support:appcompat-v7:23.4.0] AndroidManifest.xml:25:5-20
MERGED from [com.android.support:animated-vector-drawable:23.4.0] AndroidManifest.xml:7:5-20
MERGED from [com.android.support:support-vector-drawable:23.4.0] AndroidManifest.xml:7:5-20
MERGED from [com.android.support:support-v4:23.4.0] AndroidManifest.xml:22:5-20
MERGED from [com.android.support:support-v4:23.4.0] AndroidManifest.xml:22:5-20
MERGED from [com.android.support:support-vector-drawable:23.4.0] AndroidManifest.xml:7:5-20
MERGED from [com.android.support:support-v4:23.4.0] AndroidManifest.xml:22:5-20
MERGED from [com.android.support:support-v4:23.4.0] AndroidManifest.xml:22:5-20
MERGED from [com.android.support:support-v4:23.4.0] AndroidManifest.xml:22:5-20
MERGED from [com.android.support:design:23.4.0] AndroidManifest.xml:22:5-20
MERGED from [com.android.support:support-v4:23.4.0] AndroidManifest.xml:22:5-20
MERGED from [com.android.support:appcompat-v7:23.4.0] AndroidManifest.xml:25:5-20
MERGED from [com.android.support:animated-vector-drawable:23.4.0] AndroidManifest.xml:7:5-20
MERGED from [com.android.support:support-vector-drawable:23.4.0] AndroidManifest.xml:7:5-20
MERGED from [com.android.support:support-v4:23.4.0] AndroidManifest.xml:22:5-20
MERGED from [com.android.support:support-v4:23.4.0] AndroidManifest.xml:22:5-20
MERGED from [com.android.support:support-vector-drawable:23.4.0] AndroidManifest.xml:7:5-20
MERGED from [com.android.support:support-v4:23.4.0] AndroidManifest.xml:22:5-20
MERGED from [com.android.support:support-v4:23.4.0] AndroidManifest.xml:22:5-20
	android:label
		ADDED from src\main\AndroidManifest.xml:42:9-41
	android:supportsRtl
		ADDED from src\main\AndroidManifest.xml:43:9-35
	android:allowBackup
		ADDED from src\main\AndroidManifest.xml:40:9-35
	android:icon
		ADDED from src\main\AndroidManifest.xml:41:9-43
	android:theme
		ADDED from src\main\AndroidManifest.xml:44:9-40
activity#com.mogusoul.music.core.musicplayer.ItemListActivity
ADDED from src\main\AndroidManifest.xml:45:9-54:20
	android:label
		ADDED from src\main\AndroidManifest.xml:47:13-45
	android:theme
		ADDED from src\main\AndroidManifest.xml:48:13-56
	android:name
		ADDED from src\main\AndroidManifest.xml:46:13-45
intent-filter#android.intent.action.MAIN+android.intent.category.LAUNCHER
ADDED from src\main\AndroidManifest.xml:49:13-53:29
action#android.intent.action.MAIN
ADDED from src\main\AndroidManifest.xml:50:17-69
	android:name
		ADDED from src\main\AndroidManifest.xml:50:25-66
category#android.intent.category.LAUNCHER
ADDED from src\main\AndroidManifest.xml:52:17-77
	android:name
		ADDED from src\main\AndroidManifest.xml:52:27-74
activity#com.mogusoul.music.core.musicplayer.ItemDetailActivity
ADDED from src\main\AndroidManifest.xml:55:9-63:20
	android:label
		ADDED from src\main\AndroidManifest.xml:57:13-54
	android:parentActivityName
		ADDED from src\main\AndroidManifest.xml:58:13-59
	android:theme
		ADDED from src\main\AndroidManifest.xml:59:13-44
	android:name
		ADDED from src\main\AndroidManifest.xml:56:13-47
meta-data#android.support.PARENT_ACTIVITY
ADDED from src\main\AndroidManifest.xml:60:13-62:88
	android:value
		ADDED from src\main\AndroidManifest.xml:62:17-85
	android:name
		ADDED from src\main\AndroidManifest.xml:61:17-63
activity#com.mogusoul.music.ui.SettingsActivity
ADDED from src\main\AndroidManifest.xml:64:9-66:72
	android:label
		ADDED from src\main\AndroidManifest.xml:66:13-60
	android:name
		ADDED from src\main\AndroidManifest.xml:65:13-66
uses-sdk
INJECTED from src\main\AndroidManifest.xml reason: use-sdk injection requested
MERGED from [com.android.support:appcompat-v7:23.4.0] AndroidManifest.xml:21:5-23:78
MERGED from [com.android.support:animated-vector-drawable:23.4.0] AndroidManifest.xml:5:5-44
MERGED from [com.android.support:support-vector-drawable:23.4.0] AndroidManifest.xml:5:5-43
MERGED from [com.android.support:support-v4:23.4.0] AndroidManifest.xml:20:5-43
MERGED from [com.android.support:support-v4:23.4.0] AndroidManifest.xml:20:5-43
MERGED from [com.android.support:support-vector-drawable:23.4.0] AndroidManifest.xml:5:5-43
MERGED from [com.android.support:support-v4:23.4.0] AndroidManifest.xml:20:5-43
MERGED from [com.android.support:support-v4:23.4.0] AndroidManifest.xml:20:5-43
MERGED from [com.android.support:recyclerview-v7:23.4.0] AndroidManifest.xml:20:5-43
MERGED from [com.android.support:support-v4:23.4.0] AndroidManifest.xml:20:5-43
MERGED from [com.android.support:design:23.4.0] AndroidManifest.xml:20:5-43
MERGED from [com.android.support:recyclerview-v7:23.4.0] AndroidManifest.xml:20:5-43
MERGED from [com.android.support:support-v4:23.4.0] AndroidManifest.xml:20:5-43
MERGED from [com.android.support:appcompat-v7:23.4.0] AndroidManifest.xml:21:5-23:78
MERGED from [com.android.support:animated-vector-drawable:23.4.0] AndroidManifest.xml:5:5-44
MERGED from [com.android.support:support-vector-drawable:23.4.0] AndroidManifest.xml:5:5-43
MERGED from [com.android.support:support-v4:23.4.0] AndroidManifest.xml:20:5-43
MERGED from [com.android.support:support-v4:23.4.0] AndroidManifest.xml:20:5-43
MERGED from [com.android.support:support-vector-drawable:23.4.0] AndroidManifest.xml:5:5-43
MERGED from [com.android.support:support-v4:23.4.0] AndroidManifest.xml:20:5-43
MERGED from [com.android.support:support-v4:23.4.0] AndroidManifest.xml:20:5-43
	tools:overrideLibrary
		ADDED from [com.android.support:appcompat-v7:23.4.0] AndroidManifest.xml:23:9-75
	android:targetSdkVersion
		INJECTED from src\main\AndroidManifest.xml
		INJECTED from src\main\AndroidManifest.xml
	android:minSdkVersion
		INJECTED from src\main\AndroidManifest.xml
		INJECTED from src\main\AndroidManifest.xml